reto_7/TicTacToe+7/app/build/intermediates/manifest_merge_blame_file/debug/manifest-merger-blame-debug-report.txt
1<?xml version="1.0" encoding="utf-8"?>
2<manifest xmlns:android="http://schemas.android.com/apk/res/android"
3    package="co.edu.unal.tictactoe"
4    android:versionCode="1"
5    android:versionName="1.0" >
6
7    <uses-sdk
8        android:minSdkVersion="21"
8-->src\main\AndroidManifest.xml
9        android:targetSdkVersion="31" />
9-->src\main\AndroidManifest.xml
10
11    <!-- Although the *SdkVersion is captured in gradle build files, this is required for non gradle builds -->
12    <!-- <uses-sdk android:minSdkVersion="14"/> -->
13    <uses-permission android:name="android.permission.ACCESS_NETWORK_STATE" />
13-->[com.google.firebase:firebase-storage:20.0.0] AndroidManifest.xml:26:5-79
13-->[com.google.firebase:firebase-storage:20.0.0] AndroidManifest.xml:26:22-76
14    <uses-permission android:name="android.permission.INTERNET" />
14-->[com.google.firebase:firebase-storage:20.0.0] AndroidManifest.xml:27:5-67
14-->[com.google.firebase:firebase-storage:20.0.0] AndroidManifest.xml:27:22-64
15
16    <application
16-->src\main\AndroidManifest.xml:5:5-30:19
17        android:allowBackup="true"
17-->src\main\AndroidManifest.xml:6:9-35
18        android:appComponentFactory="androidx.core.app.CoreComponentFactory"
18-->[androidx.core:core:1.5.0] AndroidManifest.xml:24:18-86
19        android:debuggable="true"
20        android:icon="@drawable/xo"
20-->src\main\AndroidManifest.xml:7:9-36
21        android:label="@string/app_name"
21-->src\main\AndroidManifest.xml:8:9-41
22        android:roundIcon="@mipmap/ic_launcher_round"
22-->src\main\AndroidManifest.xml:9:9-54
23        android:supportsRtl="true"
23-->src\main\AndroidManifest.xml:10:9-35
24        android:testOnly="true"
25        android:theme="@style/Theme.TicTacToe" >
25-->src\main\AndroidManifest.xml:11:9-47
26        <activity
26-->src\main\AndroidManifest.xml:12:9-19:20
27            android:name="co.edu.unal.tictactoe.MultiplayerActivity"
27-->src\main\AndroidManifest.xml:13:13-48
28            android:exported="true" >
28-->src\main\AndroidManifest.xml:14:13-36
29            <intent-filter>
29-->src\main\AndroidManifest.xml:15:13-18:29
30                <action android:name="android.intent.action.MAIN" />
30-->src\main\AndroidManifest.xml:16:17-69
30-->src\main\AndroidManifest.xml:16:25-66
31
32                <category android:name="android.intent.category.LAUNCHER" />
32-->src\main\AndroidManifest.xml:17:17-77
32-->src\main\AndroidManifest.xml:17:27-74
33            </intent-filter>
34        </activity>
35        <activity
35-->src\main\AndroidManifest.xml:20:9-22:53
36            android:name="co.edu.unal.tictactoe.MainActivity"
36-->src\main\AndroidManifest.xml:21:13-41
37            android:label="MainActivity" />
37-->src\main\AndroidManifest.xml:22:13-41
38        <!-- android:exported="true" -->
39>
40        <!--
41            <intent-filter>
42                <action android:name="android.intent.action.MAIN" />
43
44                <category android:name="android.intent.category.LAUNCHER" />
45            </intent-filter>
46        -->
47
48        <service
48-->[com.google.firebase:firebase-storage:20.0.0] AndroidManifest.xml:30:9-36:19
49            android:name="com.google.firebase.components.ComponentDiscoveryService"
49-->[com.google.firebase:firebase-storage:20.0.0] AndroidManifest.xml:31:13-84
50            android:directBootAware="true"
50-->[com.google.firebase:firebase-common:20.0.0] AndroidManifest.xml:35:13-43
51            android:exported="false" >
51-->[com.google.firebase:firebase-storage:20.0.0] AndroidManifest.xml:32:13-37
52            <meta-data
52-->[com.google.firebase:firebase-storage:20.0.0] AndroidManifest.xml:33:13-35:85
53                android:name="com.google.firebase.components:com.google.firebase.storage.StorageRegistrar"
53-->[com.google.firebase:firebase-storage:20.0.0] AndroidManifest.xml:34:17-107
54                android:value="com.google.firebase.components.ComponentRegistrar" />
54-->[com.google.firebase:firebase-storage:20.0.0] AndroidManifest.xml:35:17-82
55            <meta-data
55-->[com.google.firebase:firebase-database:20.0.2] AndroidManifest.xml:32:13-34:85
56                android:name="com.google.firebase.components:com.google.firebase.database.DatabaseRegistrar"
56-->[com.google.firebase:firebase-database:20.0.2] AndroidManifest.xml:33:17-109
57                android:value="com.google.firebase.components.ComponentRegistrar" />
57-->[com.google.firebase:firebase-database:20.0.2] AndroidManifest.xml:34:17-82
58        </service>
59
60        <provider
60-->[com.google.firebase:firebase-common:20.0.0] AndroidManifest.xml:26:9-31:39
61            android:name="com.google.firebase.provider.FirebaseInitProvider"
61-->[com.google.firebase:firebase-common:20.0.0] AndroidManifest.xml:27:13-77
62            android:authorities="co.edu.unal.tictactoe.firebaseinitprovider"
62-->[com.google.firebase:firebase-common:20.0.0] AndroidManifest.xml:28:13-72
63            android:directBootAware="true"
63-->[com.google.firebase:firebase-common:20.0.0] AndroidManifest.xml:29:13-43
64            android:exported="false"
64-->[com.google.firebase:firebase-common:20.0.0] AndroidManifest.xml:30:13-37
65            android:initOrder="100" />
65-->[com.google.firebase:firebase-common:20.0.0] AndroidManifest.xml:31:13-36
66
67        <activity
67-->[com.google.android.gms:play-services-base:17.1.0] AndroidManifest.xml:23:9-26:75
68            android:name="com.google.android.gms.common.api.GoogleApiActivity"
68-->[com.google.android.gms:play-services-base:17.1.0] AndroidManifest.xml:24:13-79
69            android:exported="false"
69-->[com.google.android.gms:play-services-base:17.1.0] AndroidManifest.xml:25:13-37
70            android:theme="@android:style/Theme.Translucent.NoTitleBar" />
70-->[com.google.android.gms:play-services-base:17.1.0] AndroidManifest.xml:26:13-72
71
72        <meta-data
72-->[com.google.android.gms:play-services-basement:17.0.0] AndroidManifest.xml:23:9-25:69
73            android:name="com.google.android.gms.version"
73-->[com.google.android.gms:play-services-basement:17.0.0] AndroidManifest.xml:24:13-58
74            android:value="@integer/google_play_services_version" />
74-->[com.google.android.gms:play-services-basement:17.0.0] AndroidManifest.xml:25:13-66
75    </application>
76
77</manifest>